<?xml version="1.0" encoding="UTF-8"?>
<!-- Generated by org.testng.reporters.JUnitReportReporter -->
<testsuite hostname="DESKTOP-NRMVJQE" failures="0" tests="1" name="TestNGsample.sampletestcase" time="0.013" errors="0" timestamp="2022-08-01T10:44:00 IST" skipped="0">
  <testcase classname="TestNGsample.sampletestcase" name="firstTestcase" time="0.013"/>
  <system-out/>
</testsuite> <!-- TestNGsample.sampletestcase -->
