<?xml version="1.0" encoding="UTF-8"?>
<!-- Generated by org.testng.reporters.JUnitReportReporter -->
<testsuite hostname="DESKTOP-NRMVJQE" failures="0" tests="1" name="TestNGsample.browser" time="9.197" errors="0" timestamp="2022-08-01T10:49:04 IST" skipped="0">
  <testcase classname="TestNGsample.browser" name="openbrowser" time="9.197"/>
  <system-out/>
</testsuite> <!-- TestNGsample.browser -->
