<?xml version="1.0" encoding="UTF-8"?>
<!-- Generated by org.testng.reporters.JUnitReportReporter -->
<testsuite hostname="DESKTOP-NRMVJQE" failures="0" tests="3" name="TestNGsample.dependencies" time="0.006" errors="0" timestamp="2022-08-01T10:44:00 IST" skipped="0">
  <testcase classname="TestNGsample.dependencies" name="highschool" time="0.002"/>
  <system-out/>
  <testcase classname="TestNGsample.dependencies" name="engg" time="0.002"/>
  <system-out/>
  <testcase classname="TestNGsample.dependencies" name="highersecondaryschool" time="0.002"/>
  <system-out/>
</testsuite> <!-- TestNGsample.dependencies -->
