<?xml version="1.0" encoding="UTF-8"?>
<!-- Generated by org.testng.reporters.JUnitReportReporter -->
<testsuite hostname="DESKTOP-NRMVJQE" failures="0" tests="3" name="TestNGsample.priority" time="0.007" errors="0" timestamp="2022-08-01T10:44:00 IST" skipped="0">
  <testcase classname="TestNGsample.priority" name="firstTestcase" time="0.002"/>
  <system-out/>
  <testcase classname="TestNGsample.priority" name="secondTestcase" time="0.003"/>
  <system-out/>
  <testcase classname="TestNGsample.priority" name="thirdTestcase" time="0.002"/>
  <system-out/>
</testsuite> <!-- TestNGsample.priority -->
