<?xml version="1.0" encoding="UTF-8"?>
<!-- Generated by org.testng.reporters.JUnitReportReporter -->
<testsuite hostname="DESKTOP-NRMVJQE" failures="0" tests="2" name="TestNGsample.paralleltest" time="13.689" errors="0" timestamp="2022-08-03T11:06:00 IST" skipped="0">
  <testcase classname="TestNGsample.paralleltest" name="opengoogle" time="6.325"/>
  <system-out/>
  <testcase classname="TestNGsample.paralleltest" name="openyahoo" time="7.364"/>
  <system-out/>
</testsuite> <!-- TestNGsample.paralleltest -->
