<?xml version="1.0" encoding="UTF-8"?>
<!-- Generated by org.testng.reporters.JUnitReportReporter -->
<testsuite hostname="DESKTOP-NRMVJQE" failures="0" tests="3" name="TestNGsample.continuebrowser" time="4.471" errors="0" timestamp="2022-08-01T11:07:59 IST" skipped="0">
  <testcase classname="TestNGsample.continuebrowser" name="openbing" time="1.097"/>
  <system-out/>
  <testcase classname="TestNGsample.continuebrowser" name="opengoogle" time="2.038"/>
  <system-out/>
  <testcase classname="TestNGsample.continuebrowser" name="openyahoo" time="1.336"/>
  <system-out/>
</testsuite> <!-- TestNGsample.continuebrowser -->
